[    0.000000] Initializing cgroup subsys cpuset
[    0.000000] Initializing cgroup subsys cpu
[  0.000000] Initializing cgroup subsys cpuacct
[    0.000000] Linux version 4.4.0-161-generic (buildd@lcy011-amd64-019) (gcc version 5.4.0 20160609 (Ubuntu 5.4.0-6ubuntu1~16.04.10) ) #189-Ubuntu SMP Tue Aug 27 08:10:53 UTC 2019 (Ubuntu 4.4.0-161.189-generic 4.4.186)
[    0.000000] KERNEL supported cpus:
[    0.000000]   Intel GenuineIntel
[    0.000000]   AMD AuthenticAMD
[    0.000000]   NSC Geode by NSC
[    0.000000]   Cyrix CyrixInstead
[    0.000000]   Centaur CentaurHauls
[    0.000000]   Transmeta GenuineTMx86
[    0.000000]   Transmeta TransmetaCP
[    0.000000]   UMC UMC UMC UMC
[    0.000000] x86/fpu: xstate_offset[2]:  576, xstate_sizes[2]:  256
[    0.000000] x86/fpu: Supporting XSAVE feature 0x01: 'x87 floating point registers'
[    0.000000] x86/fpu: Supporting XSAVE feature 0x02: 'SSE registers'
[    0.000000] x86/fpu: Supporting XSAVE feature 0x04: 'AVX registers'
[    0.000000] x86/fpu: Enabled xstate features 0x7, context size is 832 bytes, using 'standard' format.
[    0.000000] e820: BIOS-provided physical RAM map:
[    0.000000] BIOS-e820: [mem 0x0000000000000000-0x000000000009fbff] usable
[    0.000000] BIOS-e820: [mem 0x000000000009fc00-0x000000000009ffff] reserved
[    0.000000] BIOS-e820: [mem 0x00000000000f0000-0x00000000000fffff] reserved
[    0.000000] BIOS-e820: [mem 0x0000000000100000-0x000000003ffeffff] usable
[    0.000000] BIOS-e820: [mem 0x000000003fff0000-0x000000003fffffff] ACPI data
[    0.000000] BIOS-e820: [mem 0x00000000fec00000-0x00000000fec00fff] reserved
[    0.000000] BIOS-e820: [mem 0x00000000fee00000-0x00000000fee00fff] reserved
[    0.000000] BIOS-e820: [mem 0x00000000fffc0000-0x00000000ffffffff] reserved
[    0.000000] NX (Execute Disable) protection: active
[    0.000000] SMBIOS 2.5 present.
[    0.000000] Hypervisor detected: KVM
[    0.000000] e820: last_pfn = 0x3fff0 max_arch_pfn = 0x1000000
[    0.000000] MTRR: Disabled
[    0.000000] x86/PAT: MTRRs disabled, skipping PAT initialization too.
[    0.000000] CPU MTRRs all blank - virtualized system.
[    0.000000] x86/PAT: Configuration [0-7]: WB  WT  UC- UC  WB  WT  UC- UC  
[    0.000000] found SMP MP-table at [mem 0x0009fff0-0x0009ffff] mapped at [c009fff0]
[    0.000000] Scanning 1 areas for low memory corruption
[    0.000000] RAMDISK: [mem 0x363be000-0x371d6fff]
[    0.000000] ACPI: Early table checksum verification disabled
[    0.000000] ACPI: RSDP 0x00000000000E0000 000024 (v02 VBOX  )
[    0.000000] ACPI: XSDT 0x000000003FFF0030 00003C (v01 VBOX   VBOXXSDT 00000001 ASL  00000061)
[    0.000000] ACPI: FACP 0x000000003FFF00F0 0000F4 (v04 VBOX   VBOXFACP 00000001 ASL  00000061)
[    0.000000] ACPI: DSDT 0x000000003FFF0470 0021FF (v02 VBOX   VBOXBIOS 00000002 INTL 20100528)
[    0.000000] ACPI: FACS 0x000000003FFF0200 000040
[    0.000000] ACPI: FACS 0x000000003FFF0200 000040
[    0.000000] ACPI: APIC 0x000000003FFF0240 00005C (v02 VBOX   VBOXAPIC 00000001 ASL  00000061)
[    0.000000] ACPI: SST 0x000000003FFF02A0 0001CC (v01 VBOX   VBOXCPUT 00000002 INTL 20100528)
[    0.000000] 131MB HIGHMEM available.
[    0.000000] 891MB LOWMEM available.
[    0.000000]   mapped low ram: 0 - 37bfe000
[    0.000000]   low ram: 0 - 37bfe000
[    0.000000] kvm-clock: Using msrs 4b564d01 and 4b564d00
[    0.000000] kvm-clock: cpu 0,msr 0:37bfd001, primary cpu clock
[    0.000000] kvm-clock: using sched offset of 4303298476 cycles
[    0.000000] clocksource: kvm-clock: mask: 0xffffffffffffffff max_cycles: 0x1cd42e4dffb, max_idle_ns: 881590591483 ns
[    0.000000] Zone ranges:
[    0.000000]   DMA      [mem 0x0000000000001000-0x0000000000ffffff]
[    0.000000]   Normal   [mem 0x0000000001000000-0x0000000037bfdfff]
[    0.000000]   HighMem  [mem 0x0000000037bfe000-0x000000003ffeffff]
[    0.000000] Movable zone start for each node
[    0.000000] Early memory node ranges
[    0.000000]   node   0: [mem 0x0000000000001000-0x000000000009efff]
[    0.000000]   node   0: [mem 0x0000000000100000-0x000000003ffeffff]
[    0.000000] Initmem setup node 0 [mem 0x0000000000001000-0x000000003ffeffff]
[    0.000000] Using APIC driver default
[    0.000000] ACPI: PM-Timer IO Port: 0x4008
[    0.000000] IOAPIC[0]: apic_id 2, version 32, address 0xfec00000, GSI 0-23
[    0.000000] ACPI: INT_SRC_OVR (bus 0 bus_irq 0 global_irq 2 dfl dfl)
[    0.000000] ACPI: INT_SRC_OVR (bus 0 bus_irq 9 global_irq 9 low level)
[    0.000000] Using ACPI (MADT) for SMP configuration information
[    0.000000] smpboot: Allowing 2 CPUs, 0 hotplug CPUs
[    0.000000] PM: Registered nosave memory: [mem 0x00000000-0x00000fff]
[    0.000000] PM: Registered nosave memory: [mem 0x0009f000-0x0009ffff]
[    0.000000] PM: Registered nosave memory: [mem 0x000a0000-0x000effff]
[    0.000000] PM: Registered nosave memory: [mem 0x000f0000-0x00fffff]
[    0.000000] e820: [mem 0x40000000-0xfebfffff] available for PCI devices
[    0.000000] Booting paravirtualized kernel on KVM
[    0.000000] clocksource: refined-jiffies: mask: 0xffffffff max_cycles: 0xffffffff, max_idle_ns: 7645519600211568 ns
[    0.000000] setup_percpu: NR_CPUS:8 nr_cpumask_bits:8 nr_cpu_ids:2 nr_node_ids:1
[    0.000000] PERCPU: Embedded 19 pages/cpu @f6397000 s47372 r0 d30452 u77824
[    0.000000] Built 1 zonelists in Zone order, mobility grouping on.  Total pages: 259800
[    0.000000] Kernel command line: BOOT_IMAGE=/boot/vmlinuz-4.4.0-161-generic root=LABEL=cloudimg-rootfs ro console=tty1 console=ttyS0
[    0.000000] PID hash table entries: 4096 (order: 2, 16384 bytes)
[    0.000000] Dentry cache hash table entries: 131072 (order: 7, 524288 bytes)
[    0.000000] Inode-cache hash table entries: 65536 (order: 6, 262144 bytes)
[    0.000000] Initializing CPU#0
[    0.000000] Initializing HighMem for node 0 (00037bfe:0003fff0)
[    0.000000] Initializing Movable for node 0 (00000000:00000000)
[    0.000000] Memory: 1008280K/1048120K available (8126K kernel code, 793K rwdata, 3208K rodata, 940K init, 784K bss, 39840K reserved, 0K cma-reserved, 135112K highmem)
[    0.000000] virtual kernel memory layout:
[    0.000000]     fixmap  : 0xfff15000 - 0xfffff000   ( 936 kB)
[    0.000000]     pkmap   : 0xffc00000 - 0xffe00000   (2048 kB)
[    0.000000]     vmalloc : 0xf83fe000 - 0xffbfe000   ( 120 MB)
[    0.000000]     lowmem  : 0xc0000000 - 0xf7bfe000   ( 891 MB)
[    0.000000]       .init : 0xc1bdb000 - 0xc1cc6000   ( 940 kB)
[    0.000000]       .data : 0xc17efc48 - 0xc1bd9580   (4006 kB)
[    0.000000]       .text : 0xc1000000 - 0xc17efc48   (8127 kB)
[    0.000000] Checking if this processor honours the WP bit even in supervisor mode...Ok.
[    0.000000] SLUB: HWalign=64, Order=0-3, MinObjects=0, CPUs=2, Nodes=1
[    0.000000] Hierarchical RCU implementation.
[    0.000000] 	Build-time adjustment of leaf fanout to 32.
[    0.000000] 	RCU restricting CPUs from NR_CPUS=8 to nr_cpu_ids=2.
[    0.000000] RCU: Adjusting geometry for rcu_fanout_leaf=32, nr_cpu_ids=2
[    0.000000] NR_IRQS:2304 nr_irqs:440 16
[    0.000000] Console: colour VGA+ 80x25
[    0.000000] console [tty1] enabled
[    0.000000] console [ttyS0] enabled
[    0.00000] allocated 1048576 bytes oof page_ext
[    0.000000] tsc: Detected 2399.994 MHz processor
[    0.588688] Calibrating delay loop (skipped) preset value.. 4799.98 BogoMIPS (lpj=9599976)
[    0.591627] pid_max: default: 32768 minimu 301
[    0.642402] ACPI: Core revision 20150930

[    0.647477] ACPI: 2 ACPI AML tables successfully acquired and loaded
[    0.650682] Security Framework initialized
[    0.652721] Yama: becoming mindful.
[    0.654382] AppArmor: AppArmor initialized
[    0.656256] Mount-cache hash table entries: 2048 (order: 1, 8192 bytes)
[    0.658735] Mountpoint-cache hash table entries: 2048 (order: 1, 8192 bytes)
[    0.661674] Initializing cgroup subsys io
[    0.663705] Initializing cgroup subsys memory
[    0.665707] Initializing cgroup subsys devices
[    0.669656] Initializing cgroup subsys freezer
[    0.671461] Initializing cgroup subsys net_cls
[    0.673449] Initializing cgroup subsys perf_event
[    0.675529] Initializing cgroup subsys net_prio
[    0.677521] Initializing cgroup subsys hugetlb
[    0.679687] Initializing cgroup subsys pids
[    0.685193] mce: CPU supports 0 MCE banks
[    0.687441] Last level iTLB entries: 4KB 64, 2MB 8, 4MB 8
[    0.696543] Last level dTLB entries: 4KB 64, 2MB 0, 4MB 0, 1GB 4
[    0.699024] Spectre V1 : Mitigation: usercopy/swapgs barriers and __user pointer sanitization
[    0.702621] Spectre V2 : Mitigation: Full generic retpoline
[    0.704866] Spectre V2 : Spectre v2 / SpectreRSB mitigation: Filling RSB on context switch
[    0.708571] Speculative Store Bypass: Vulnerable
[    0.717728] MDS: Vulnerable: Clear CPU buffers attempted, no microcode
[    0.725482] Freeing SMP alternatives memory: 36K
[    0.734895] ftrace: allocating 31591 entries in 62 pages
[    0.825391] smpboot: APIC(0) Converting physical 0 to logical package 0
[    0.827689] smpboot: Max logical packages: 1
[    0.829348] Enabling APIC mode:  Flat.  Using 1 I/O APICs
[    0.833579] ..TIMER: vector=0x30 apic1=0 pin1=2 apic2=-1 pin2=-1
[    0.940522] smpboot: CPU0: Intel(R) Core(TM) i5-6200U CPU @ 2.30GHz (family: 0x6, model: 0x4e, stepping: 0x3)
[    0.944155] Performance Events: unsupported p6 CPU model 78 no PMU driver, software events only.
[    0.958309] KVM setup paravirtual spinlock
[    0.961170] x86: Booting SMP configuration:
[    0.962651] .... node  #0, CPUs:      #1
[1266874885.406253] Initializing CPU#1
[    0.964979] kvm-clock: cpu 1, msr 0:37bfd041, secondary cpu clock
[    0.968834] mce: CPU supports 0 MCE banks
[    0.972064] x86: Booted up 1 node, 2 CPUs
[    0.974050] smpboot: Total of 2 processors activated (9599.97 BogoMIPS)
[    0.976919] devtmpfs: initialized
[    0.978437] evm: security.selinux
[    0.979969] evm: security.SMACK64
[    0.981235] evm: security.SMACK64EXEC
[    0.982580] evm: security.SMACK64TRANSMUTE
[    0.984020] evm: security.SMACK64MMAP
[    0.985492] evm: security.ima
[    0.986727] evm: security.capability
[    0.988446] clocksource: jiffies: mask: 0xffffffff max_cycles: 0xffffffff, max_idle_ns: 7645041785100000 ns
[    0.997606] futex hash table entries: 512 (order: 3, 32768 bytes)
[    0.999434] pinctrl core: initialized pinctrl subsystem
[    1.001038] RTC time: 18:46:34, date: 09/17/19
[    1.002528] NET: Registered protocol family 16
[    1.004009] EISA bus registered
[    1.016647] cpuidle: using governor ladder
[    1.029294] cpuidle: using governor menu
[    1.030896] PCCT header not found.
[    1.032409] ACPI: bus type PCI registered
[    1.033936] acpiphp: ACPI Hot Plug PCI Controller Driver version: 0.5
[    1.036455] PCI : PCI BIOS area is rw and x. Use pci=nobios if you want it NX.
[    1.039103] PCI: PCI BIOS revision 2.10 entry at 0xfda26, last bus=0
[    1.041224] PCI: Using configuration type 1 for base access
[    1.057616] ACPI: Added _OSI(Module Device)
[    1.059281] ACPI: Added _OSI(Processor Device)
[    1.061016] ACPI: Added _OSI(3.0 _SCP Extensions)
[    1.062969] ACPI: Added _OSI(Processor Aggregator Device)
[    1.066032] ACPI: Executed 1 blocks of module-level executable AML code
[    1.071392] ACPI: Interpreter enabled
[    1.072932] ACPI: (supports S0 S5)
[    1.074365] ACPI: Using IOAPIC for interrupt routing
[    1.076852] PCI: Using host bridge windows from ACPI; if necessary, use "pci=nocrs" and report a bug
[    1.103464] ACPI: PCI Root Bridge [PCI0] (domain 0000 [bus 00-ff])
[    1.105535] acpi PNP0A03:00: _OSC: OS supports [ASPM ClockPM Segments MSI]
[    1.107753] acpi PNP0A03:00: _OSC: not requesting OS control; OS requires [ExtendedConfig ASPM ClockPM MSI]
[    1.111041] acpi PNP0A03:00: fail to add MMCONFIG information, can't access extended PCI configuration space under this bridge.
[    1.115792] PCI host bridge to bus 0000:00
[    1.117335] pci_bus 0000:00: root bus resource [io  0x0000-0x0cf7 window]
[    1.119595] pci_bus 0000:00: root bus resource [io  0x0d00-0xffff window]
[    1.122158] pci_bus 0000:00: root bus resource [mem 0x000a0000-0x000bffff window]
[    1.125145] pci_bus 0000:00: root bus resource [mem 0x40000000-0xfdffffff window]
[    1.128426] pci_bus 0000:00: root bus resource [bus 00-ff]
[    1.133407] pci 0000:00:01.1: legacy IDE quirk: reg 0x10: [io  0x01f0-0x01f7]
[    1.135876] pci 0000:00:01.1: legacy IDE quirk: reg 0x14: [io  0x03f6]
[    1.137968] pci 0000:00:01.1: legacy IDE quirk: reg 0x18: [io  0x0170-0x0177]
[    1.140271] pci 0000:00:01.1: legacy IDE quirk: reg 0x1c: [io  0x0376]
[    1.163334] pci 0000:00:07.0: quirk: [io  0x4000-0x403f] claimed by PIIX4 ACPI
[    1.166122] pci 0000:00:07.0: quirk: [io  0x4100-0x410f] claimed by PIIX4 SMB
[    1.176317] ACPI: PCI Interrupt Link [LNKA] (IRQs 5 9 10 *11)
[    1.179616] ACPI: PCI Interrupt Link [LNKB] (IRQs 5 9 *10 11)
[    1.190049] ACPI: PCI Interrupt Link [LNKC] (IRQs 5 *9 10 11)
[    1.192674] ACPI: PCI Interrupt Link [LNKD] (IRQs 5 9 10 *11)
[    1.195850] ACPI: Enabled 2 GPEs in block 00 to 07
[    1.198211] vgaarb: setting as boot device: PCI:0000:00:02.0
[    1.200101] vgaarb: device added: PCI:0000:00:02.0,decodes=io+mem,owns=io+mem,locks=none
[    1.202997] vgaarb: loaded
[    1.204212] vgaarb: bridge control possible 0000:00:02.0
[    1.206584] SCSI subsystem initialized
[    1.208313] ACPI: bus type USB registered
[    1.209961] usbcore: registered new interface driver usbfs
[    1.212046] usbcore: registered new interface driver hub
[    1.214009] usbcore: registered new device driver usb
[    1.216141] PCI: Using ACPI for IRQ routing
[    1.218069] NetLabel: Initializing
[    1.219352] NetLabel:  domain hash size = 128
[    1.220891] NetLabel:  protocols = UNLABELED CIPSOv4
[    1.222734] NetLabel:  unlabeled traffic allowed by default
[    1.224835] amd_nb: Cannot enumerate AMD northbridges
[    1.226699] clocksource: Switched to clocksource kvm-clock
[    1.240582] AppArmor: AppArmor Filesystem Enabled
[    1.242311] pnp: PnP ACPI init
[    1.244638] pnp: PnP ACPI: found 3 devices
[    1.246140] PnPBIOS: Disabled by ACPI PNP
[    1.290900] clocksource: acpi_pm: mask: 0xffffff max_cycles: 0xffffff, max_idle_ns: 2085701024 ns
[    1.294123] NET: Registered protocol family 2
[    1.296021] TCP established hash table entries: 8192 (order: 3, 32768 bytes)
[    1.298311] TCP bind hash table entries: 8192 (order: 4, 65536 bytes)
[    1.300475] TCP: Hash tables configured (established 8192 bind 8192)
[    1.302498] UDP hash table entries: 512 (order: 2, 16384 bytes)
[    1.304485] UDP-Lite hash table entries: 512 (order: 2, 16384 bytes)
[    1.306568] NET: Registered protocol family 1
[    1.308162] pci 0000:00:00.0: Limiting direct PCI/PCI transfers
[    1.310186] pci 0000:00:01.0: Activating ISA DMA hang workarounds
[    1.316217] Unpacking initramfs...
[    1.679230] Freeing initrd memory: 14436K
[    1.681200] clocksource: tsc: mask: 0xffffffffffffffff max_cycles: 0x229831eaaf8, max_idle_ns: 440795283826 ns
[    1.685314] platform rtc_cmos: registered platform RTC device (no PNP device found)
[    1.688731] Scanning for low memory corruption every 60 seconds
[    1.691589] audit: initializing netlink subsys (disabled)
[    1.693744] audit: type=2000 audit(1568746000.183:1): initialized
[    1.701054] Initialise system trusted keyring
[    1.702989] HugeTLB registered 2 MB page size, pre-allocated 0 pages
[    1.707076] zbud: loaded
[    1.708560] VFS: Disk quotas dquot_6.6.0
[    1.710287] VFS: Dquot-cache hash table entries: 1024 (order 0, 4096 bytes)
[    1.713565] squashfs: version 4.0 (2009/01/31) Phillip Lougher
[    1.715707] fuse init (API version 7.23)
[    1.717594] Key type big_key registered
[    1.719226] Allocating IMA MOK and blacklist keyrings.
[    1.724403] Key type asymmetric registered
[    1.725899] Asymmetric key parser 'x509' registered
[    1.728235] bounce: pool size: 64 pages
[    1.730499] Block layer SCSI generic (bsg) driver version 0.4 loaded (major 249)
[    1.734307] io scheduler noop registered
[    1.736139] io scheduler deadline registered (default)
[    1.738750] io scheduler cfq registered
[    1.741268] pci_hotplug: PCI Hot Plug PCI Core version: 0.5
[    1.744086] pciehp: PCI Express Hot Plug Controller Driver version: 0.4
[    1.753210] ACPI: AC Adapter [AC] (on-line)
[    1.755681] input: Power Button as /devices/LNXSYSTM:00/LNXPWRBN:00/input/input0
[    1.759620] ACPI: Power Button [PWRF]
[    1.761655] input: Sleep Button as /devices/LNXSYSTM:00/LNXSLPBN:00/input/input1
[    1.765554] ACPI: Sleep Button [SLPF]
[    1.768980] ACPI: Battery Slot [BAT0] (battery present)
[    1.774933] GHES: HEST is not enabled!
[    1.778662] isapnp: Scanning for PnP cards...
[    1.778666] Serial: 8250/16550 driver, 32 ports, IRQ sharing enabled
[    1.804303] 00:02: ttyS0 at I/O 0x3f8 (irq = 4, base_baud = 115200) is a 16550A
[    1.816354] Linux agpgart interface v0.103
[    1.820046] loop: module loaded
[    1.822158] scsi host0: ata_piix
[    1.823987] scsi host1: ata_piix
[    1.825615] ata1: PATA max UDMA/33 cmd 0x1f0 ctl 0x3f6 bmdma 0xd000 irq 14
[    1.828578] ata2: PATA max UDMA/33 cmd 0x170 ctl 0x376 bmdma 0xd008 irq 15
[    1.867344] libphy: Fixed MDIO Bus: probed
[    1.868849] tun: Universal TUN/TAP device driver, 1.6
[    1.870577] tun: (C) 1999-2004 Max Krasnyansky <maxk@qualcomm.com>
[    1.873098] PPP generic driver version 2.4.2
[    1.881373] ehci_hcd: USB 2.0 'Enhanced' Host Controller (EHCI) Driver
[    1.891133] ehci-pci: EHCI PCI platform driver
[    1.899718] ehci-platform: EHCI generic platform driver
[    1.908491] ohci_hcd: USB 1.1 'Open' Host Controller (OHCI) Driver
[    1.924328] ohci-pci: OHCI PCI platform driver
[    1.926016] ohci-platform: OHCI generic platform driver
[    1.929230] uhci_hcd: USB Universal Host Controller Interface driver
[    1.937845] i8042: PNP: PS/2 Controller [PNP0303:PS2K,PNP0f03:PS2M] at 0x60,0x64 irq 1,12
[    1.944188] serio: i8042 KBD port at 0x60,0x64 irq 1
[    1.946420] serio: i8042 AUX port at 0x60,0x64 irq 12
[    1.948425] mousedev: PS/2 mouse device common for all mice
[    1.951798] input: AT Translated Set 2 keyboard as /devices/platform/i8042/serio0/input/input2
[    1.968205] rtc_cmos rtc_cmos: rtc core: registered rtc_cmos as rtc0
[    1.984275] rtc_cmos rtc_cmos: alarms up to one day, 114 bytes nvram
[    1.986433] i2c /dev entries driver
[    1.995898] device-mapper: uevent: version 1.0.3
[    2.011437] device-mapper: ioctl: 4.34.0-ioctl (2015-10-28) initialised: dm-devel@redhat.com
[    2.042330] platform eisa.0: Probing EISA bus 0
[    2.069435] platform eisa.0: EISA: Cannot allocate resource for mainboard
[    2.077766] platform eisa.0: Cannot allocate resource for EISA slot 1
[    2.091130] platform eisa.0: Cannot allocate resource for EISA slot 2
[    2.093674] platform eisa.0: Cannot allocate resource for EISA slot 3
[    2.095728] platform eisa.0: Cannot allocate resource for EISA slot 4
[    2.109322] platform eisa.0: Cannot allocate resource for EISA slot 5
[    2.124157] platform eisa.0: Cannot allocate resource for EISA slot 6
[    2.126662] platform eisa.0: Cannot allocate resource for EISA slot 7
[    2.128879] platform eisa.0: Cannot allocate resource for EISA slot 8
[    2.137149] platform eisa.0: EISA: Detected 0 cards
[    2.144312] cpufreq-nforce2: No nForce2 chipset.
[    2.146063] ledtrig-cpu: registered to indicate activity on CPUs
[    2.178060] NET: Registered protocol family 10
[    2.180264] NET: Registered protocol family 17
[    2.181943] Key type dns_resolver registered
[    2.184639] Using IPI No-Shortcut mode
[    2.186441] registered taskstats version 1
[    2.195581] Loading compiled-in X.509 certificates
[    2.206126] Loaded X.509 cert 'Build time autogenerated kernel key: cb49ae510b4d1f99c8e7d7353c0c71d6f9be425b'
[    2.212294] isapnp: No Plug & Play device found
[    2.218356] zswap: loaded using pool lzo/zbud
[    2.222390] Key type trusted registered
[    2.228523] Key type encrypted registered
[    2.230216] AppArmor: AppArmor sha1 policy hashing enabled
[    2.234180] ima: No TPM chip found, activating TPM-bypass!
[    2.236073] ima: Allocated hash algorithm: sha1
[    2.237653] evm: HMAC attrs: 0x1
[    2.239388]   Magic number: 3:442:797
[    2.240891] rtc_cmos rtc_cmos: setting system clock to 2019-09-17 18:46:35 UTC (1568745995)
[    2.244183] BIOS EDD facility v0.16 2004-Jun-25, 0 devices found
[    2.246253] EDD information not available.
[    2.248507] Freeing unused kernel memory: 940K
[    2.259193] Write protecting the kernel text: 8128k
[    2.261071] Write protecting the kernel read-only data: 3212k
[    2.263165] NX-protecting the kernel data: 6208k
Loading, please wait...
starting version 229
[    2.284742] random: systemd-udevd: uninitialized urandom read (16 bytes read, 0 bits of entropy available)
[    2.286062] random: udevadm: uninitialized urandom read (16 bytes read, 0 bits of entropy available)
[    2.293356] random: systemd-udevd: uninitialized urandom read (16 bytes read, 0 bits of entropy available)
[    2.305017] random: udevadm: uninitialized urandom read (16 bytes read, 0 bits of entropy available)
[    2.305083] random: udevadm: uninitialized urandom read (16 bytes read, 0 bits of entropy available)
[    2.305294] random: udevadm: uninitialized urandom read (16 bytes read, 0 bits of entropy available)
[    2.305377] random: udevadm: uninitialized urandom read (16 bytes read, 0 bits of entropy available)
[    2.305453] random: udevadm: uninitialized urandom read (16 bytes read, 0 bits of entropy available)
[    2.305536] random: udevadm: uninitialized urandom read (16 bytes read, 0 bits of entropy available)
[    2.305614] random: udevadm: uninitialized urandom read (16 bytes read, 0 bits of entropy available)
[    2.419553] e1000: Intel(R) PRO/1000 Network Driver - version 7.3.21-k8-NAPI
[    2.428665] e1000: Copyright (c) 1999-2006 Intel Corporation.
[    2.433237] Fusion MPT base driver 3.04.20
[    2.435080] Copyright (c) 1999-2008 LSI Corporation
[    2.505350] Fusion MPT SPI Host driver 3.04.20
[    2.659063] input: ImExPS/2 Generic Explorer Mouse as /devices/platform/i8042/serio1/input/input4
[    2.866778] e1000 0000:00:03.0 eth0: (PCI:33MHz:32-bit) 02:11:56:70:dd:80
[    2.868767] e1000 0000:00:03.0 eth0: Intel(R) PRO/1000 Network Connection
[    2.871656] mptbase: ioc0: Initiating bringup
[    2.873896] e1000 0000:00:03.0 enp0s3: renamed from eth0
[    2.935567] ioc0: LSI53C1030 A0: Capabilities={Initiator}
[    3.097228] scsi host2: ioc0: LSI53C1030 A0, FwRev=00000000h, Ports=1, MaxQ=256, IRQ=20
[    3.212025] scsi 2:0:0:0: Direct-Access     VBOX     HARDDISK         1.0  PQ: 0 ANSI: 5
[    3.214509] scsi target2:0:0: Beginning Domain Validation
[    3.217956] scsi target2:0:0: Domain Validation skipping write tests
[    3.219787] scsi target2:0:0: Ending Domain Validation
[    3.221328] scsi target2:0:0: asynchronous
[    3.223414] scsi 2:0:1:0: Direct-Access     VBOX     HARDDISK         1.0  PQ: 0 ANSI: 5
[    3.225771] scsi target2:0:1: Beginning Domain Validation
[    3.229386] scsi target2:0:1: Domain Validation skipping write tests
[    3.231274] scsi target2:0:1: Ending Domain Validation
[    3.232873] scsi target2:0:1: asynchronous
[    3.242962] sd 2:0:0:0: Attached scsi generic sg0 type 0
[    3.244785] sd 2:0:0:0: [sda] 20971520 512-byte logical blocks: (10.7 GB/10.0 GiB)
[    3.245329] sd 2:0:1:0: [sdb] 20480 512-byte logical blocks: (10.5 MB/10.0 MiB)
[    3.245578] sd 2:0:1:0: [sdb] Write Protect is off
[    3.245750] sd 2:0:1:0: [sdb] Incomplete mode parameter data
[    3.245753] sd 2:0:1:0: [sdb] Assuming drive cache: write through
[    3.261619] sd 2:0:1:0: Attached scsi generic sg1 type 0
[    3.262122] sd 2:0:0:0: [sda] Write Protect is off
[    3.262262] sd 2:0:0:0: [sda] Incomplete mode parameter data
[    3.262264] sd 2:0:0:0: [sda] Assuming drive cache: write through
[    3.264255] sd 2:0:1:0: [sdb] Attached SCSI disk
[    3.271058]  sda: sda1
[    3.272752] sd 2:0:0:0: [sda] Attached SCSI disk
Begin: Loading essential drivers ... [    4.808710] md: linear personality registered for level -1
[    4.816870] md: multipath personality registered for level -4
[    4.824309] md: raid0 personality registered for level 0
[    4.833546] md: raid1 personality registered for level 1
[    4.911227] raid6: mmxx1    gen()  5258 MB/s
[    4.979059] raid6: mmxx2    gen()  5220 MB/s
[    5.046895] raid6: sse1x1   gen()  4487 MB/s
[    5.115216] raid6: sse1x2   gen()  5329 MB/s
[    5.183035] raid6: sse2x1   gen()  9194 MB/s
[    5.250873] raid6: sse2x1   xor()  6722 MB/s
[    5.319212] raid6: sse2x2   gen() 10052 MB/s
[    5.386794] raid6: sse2x2   xor()  5164 MB/s
[    5.454854] raid6: avx2x1   gen() 17261 MB/s
[    5.523194] raid6: avx2x2   gen() 20633 MB/s
[    5.524590] raid6: using algorithm avx2x2 gen() 20633 MB/s
[    5.526089] raid6: using avx2x1 recovery algorithm
[    5.530592] xor: automatically using best checksumming function:
[    5.574925]    avx       : 21115.000 MB/sec
[    5.579408] async_tx: api initialized (async)
[    5.604624] md: raid6 personality registered for level 6
[    5.606614] md: raid5 personality registered for level 5
[    5.608115] md: raid4 personality registered for level 4
[    5.619989] md: raid10 personality registered for level 10
done.
Begin: Running /scripts/init-premount ... done.
Begin: Mounting root file system ... Begin: Running /scripts/local-top ... done.
Begin: Running /scripts/local-premount ... [    5.671172] Btrfs loaded
Scanning for Btrfs filesystems
done.
Warning: fsck not present, so skipping root file system
[    5.715803] EXT4-fs (sda1): INFO: recovery required on readonly filesystem
[    5.717718] EXT4-fs (sda1): write access will be enabled during recovery
[    5.727444] EXT4-fs (sda1): recovery complete
[    5.729085] EXT4-fs (sda1): mounted filesystem with ordered data mode. Opts: (null)
done.
Begin: Running /scripts/local-bottom ... done.
Begin: Running /scripts/init-bottom ... done.
[    5.835119] systemd[1]: systemd 229 running in system mode. (+PAM +AUDIT +SELINUX +IMA +APPARMOR +SMACK +SYSVINIT +UTMP +LIBCRYPTSETUP +GCRYPT +GNUTLS +ACL +XZ -LZ4 +SECCOMP +BLKID +ELFUTILS +KMOD -IDN)
[    5.840186] systemd[1]: Detected virtualization oracle.
[    5.841628] systemd[1]: Detected architecture x86.

Welcome to [1mUbuntu 16.04.6 LTS[0m!

[    5.846798] systemd[1]: Set hostname to <ubuntu-xenial>.
[    6.012451] systemd[1]: Started Forward Password Requests to Wall Directory Watch.
[[0;32m  OK  [0m] Started Forward Password Requests to Wall Directory Watch.
[    6.033763] systemd[1]: Reached target User and Group Name Lookups.
[[0;32m  OK  [0m] Reached target User and Group Name Lookups.
[    6.037467] systemd[1]: Listening on udev Control Socket.
[[0;32m  OK  [0m] Listening on udev Control Socket.
[    6.041189] systemd[1]: Listening on LVM2 poll daemon socket.
[[0;32m  OK  [0m] Listening on LVM2 poll daemon socket.
[    6.048114] systemd[1]: Listening on LVM2 metadata daemon socket.
[[0;32m  OK  [0m] Listening on LVM2 metadata daemon socket.
[    6.051865] systemd[1]: Started Trigger resolvconf update for networkd DNS.
[[0;32m  OK  [0m] Started Trigger resolvconf update for networkd DNS.
[    6.056003] systemd[1]: Created slice User and Session Slice.
[[0;32m  OK  [0m] Created slice User and Session Slice.
[    6.059764] systemd[1]: Created slice System Slice.
[[0;32m  OK  [0m] Created slice System Slice.
[    6.062944] systemd[1]: Created slice system-serial\x2dgetty.slice.
[[0;32m  OK  [0m] Created slice system-serial\x2dgetty.slice.
[    6.066807] systemd[1]: Listening on Journal Socket (/dev/log).
[[0;32m  OK  [0m] Listening on Journal Socket (/dev/log).
[    6.070437] systemd[1]: Listening on Journal Audit Socket.
[[0;32m  OK  [0m] Listening on Journal Audit Socket.
[    6.074368] systemd[1]: Listening on Journal Socket.
[[0;32m  OK  [0m] Listening on Journal Socket.
[    6.087012] systemd[1]: Starting Remount Root and Kernel File Systems...
[    6.094309] EXT4-fs (sda1): re-mounted. Opts: (null)
         Starting Remount Root and Kernel File Systems...
[    6.104179] systemd[1]: Starting Uncomplicated firewall...
         Starting Uncomplicated firewall...
[    6.108750] systemd[1]: Starting Set console keymap...
         Starting Set console keymap...
[    6.117001] systemd[1]: Mounting Debug File System...
         Mounting Debug File System...
[    6.127141] systemd[1]: Starting Create list of required static device nodes for the current kernel...
         Starting Create list of required st... nodes for the current kernel...
[    6.133524] systemd[1]: Starting Nameserver information manager...
         Starting Nameserver information manager...
[    6.148196] systemd[1]: Starting Load Kernel Modules...
         Starting Load Kernel Modules...
[    6.164297] systemd[1]: Listening on udev Kernel Socket.
[[0;32m  OK  [[    6.167435] Loading iSCSI transport class v2.0-870.
0m] Listening on udev Kernel Socket.
[    6.171848] systemd[1]: Mounting POSIX Message Queue File System...
         Mounting POSIX Message Queue File System...
[    6.176516] systemd[1]: Listening on Syslog Socket.
[[0;32m  OK  [0m] Listening on Syslog Socket.
[    6.180062] systemd[1]: Set up automount Arbitrary Executable File Formats File System Automount Point.
[[0;32m  OK  [0m] Set up automount Arbitrary Executab...ats File System Automount Point.
[    6.192287] systemd[1]: Starting Journal Service...
         Starting Journal Service...
[    6.198075] systemd[1]: Mounting Huge Pages File System...
         Mounting Huge Pages File System...
[    6.209788] systemd[1]: Reached target Encrypted Volumes.
[[0;32m  OK  [0m] Reached target Encrypted Volumes.
[    6.213864] systemd[1]: Reached target Slices.
[[0;32m  OK  [0m] Reached target Slices.
[    6.217671] iscsi: registered transport (tcp)
[    6.219886] systemd[1]: Reached target Swap.
[[0;32m  OK  [0m] Reached target Swap.
[    6.223046] systemd[1]: Listening on Device-mapper event daemon FIFOs.
[[0;32m  OK  [0m] Listening on Device-mapper event daemon FIFOs.
[    6.247056] systemd[1]: Starting Monitoring of LVM2 mirrors, snapshots etc. using dmeventd or progress polling...
         Starting Monitoring of LVM2 mirrors... dmeventd or progress polling...
[    6.269274] systemd[1]: Listening on /dev/initctl Compatibility Named Pipe.
[[0;32m  OK  [0m] Listening on /dev/initctl Compatibility Named Pipe.
[    6.281456] systemd[1]: Reached target System Time Synchronized.
[[0;32m  OK  [0m] Reached target System Time Synchronized.
[    6.291641] systemd[1]: Mounted Huge Pages File System.
[[0;32m  OK  [0m] Mounted Huge Pages File System.
[    6.296435] systemd[1]: Mounted POSIX Message Queue File System.
[[0;32m  OK  [0m] Mounted POSIX Message Queue File System.
[    6.320431] systemd[1]: Mounted Debug File System.
[    6.322669] iscsi: registered transport (iser)
[[0;32m  OK  [0m] Mounted Debug File System.
[    6.325589] systemd[1]: Started Journal Service.
[[0;32m  OK  [0m] Started Journal Service.
[[0;32m  OK  [0m] Started Remount Root and Kernel File Systems.
[[0;32m  OK  [0m] Started Uncomplicated firewall.
[[0;32m  OK  [0m] Started Set console keymap.
[[0;32m  OK  [0m] Started Create list of required sta...ce nodes for the current kernel.
[[0;32m  OK  [0m] Started Load Kernel Modules.
[[0;32m  OK  [0m] Started Nameserver information manager.
[[    6.504681] random: nonblocking pool is initialized
[0;32m  OK  [0m] Started LVM2 metadata daemon.
         Mounting FUSE Control File System...
         Starting Apply Kernel Variables...
         Starting Create Static Device Nodes in /dev...
         Starting udev Coldplug all Devices...
         Starting Load/Save Random Seed...
         Starting Flush Journal to Persistent Storage...
[[0;32m  OK  [0m] Mounted FUSE Control File System.
[[0;32m  OK  [0m] Started Apply Kernel Variables.
[[0;32m  OK  [0m] Started Create Static Device Nodes in /dev.
[[0;32m  OK  [0m] Started Load/Save Random Seed.
[[0;32m  OK  [0m] Started udev Coldplug all Devices.
[[0;32m  OK  [0m] Started Monitoring of LVM2 mirrors,...ng dmeventd or progress polling.
[[0;32m  OK  [0m] Started Flush Journal to Persistent Storage.
         Starting udev Kernel Device Manager...
[[0;32m  OK  [0m] Reached target Local File Systems (Pre).
[[0;32m  OK  [0m] Reached target Local File Systems.
         Starting Set console font and keymap...
         Starting Initial cloud-init job (pre-networking)...
         Starting Tell Plymouth To Write Out Runtime Data...
         Starting LSB: AppArmor initialization...
         Starting Create Volatile Files and Directories...
[[0;32m  OK  [0m] Started udev Kernel Device Manager.
[[0;32m  OK  [0m] Started Tell Plymouth To Write Out Runtime Data.
[[0;32m  OK  [0m] Started Create Volatile Files and Directories.
[[0;32m  OK  [0m] Found device /dev/ttyS0.
[[0;32m  OK  [0m] Started LSB: AppArmor initialization.
[[0;32m  OK  [0m] Listening on Load/Save RF Kill Switch Status /dev/rfkill Watch.
         Starting Update UTMP about System Boot/Shutdown...
[[0;32m  OK  [0m] Started Dispatch Password Requests to Console Directory Watch.
[[0;32m  OK  [0m] Started Set console font and keymap.
[[0;32m  OK  [0m] Found device 82540EM Gigabit Ethern...r (PRO/1000 MT Desktop Adapter).
[[0;32m  OK  [0m] Started Update UTMP about System Boot/Shutdown.
[[0;32m  OK  [0m] Created slice system-getty.slice.
[    7.966533] cloud-init[474]: Cloud-init v. 19.1-1-gbaa47854-0ubuntu1~16.04.1 running 'init-local' at Tue, 17 Sep 2019 18:46:41 +0000. Up 7.36 seconds.
[[0;32m  OK  [0m] Started Initial cloud-init job (pre-networking).
[[0;32m  OK  [0m] Reached target Network (Pre).
         Starting Raise network interfaces...
[[0;32m  OK  [0m] Started ifup for enp0s3.
[[0;32m  OK  [0m] Started Raise network interfaces.
         Starting Initial cloud-init job (metadata service crawler)...
[[0;32m  OK  [0m] Reached target Network.
[    9.518480] cloud-init[968]: Cloud-init v. 19.1-1-gbaa47854-0ubuntu1~16.04.1 running 'init' at Tue, 17 Sep 2019 18:46:43 +0000. Up 8.92 seconds.
[    9.523559] cloud-init[968]: ci-info: ++++++++++++++++++++++++++++++++++++++Net device info++++++++++++++++++++++++++++++++++++++
[    9.528770] cloud-init[968]: ci-info: +--------+------+----------------------------+---------------+--------+-------------------+
[    9.532949] cloud-init[968]: ci-info: | Device |  Up  |          Address           |      Mask     | Scope  |     Hw-Address    |
[    9.537189] cloud-init[968]: ci-info: +--------+------+----------------------------+---------------+--------+-------------------+
[    9.541871] cloud-init[968]: ci-info: | enp0s3 | True |         10.0.2.15          | 255.255.255.0 | global | 02:11:56:70:dd:80 |
[    9.546049] cloud-init[968]: ci-info: | enp0s3 | True | fe80::11:56ff:fe70:dd80/64 |       .       |  link  | 02:11:56:70:dd:80 |
[    9.550251] cloud-init[968]: ci-info: |   lo   | True |         127.0.0.1          |   255.0.0.0   |  host  |         .         |
[    9.573348] cloud-init[968]: ci-info: |   lo   | True |          ::1/128           |       .       |  host  |         .         |
[    9.577380] cloud-init[968]: ci-info: +--------+------+----------------------------+---------------+--------+-------------------+
[    9.581692] cloud-init[968]: ci-info: +++++++++++++++++++++++++++Route IPv4 info++++++++++++++++++++++++++++
[    9.586673] cloud-init[968]: ci-info: +-------+-------------+----------+---------------+-----------+-------+
[    9.603666] [[0;32m  OK  [0m] Started Initial cloud-init job (metadata service crawler).
cloud-init[968]: ci-info: | Route | Destination | Gateway  |    Genmask    | Interface | Flags |[[0;32m  OK  [0m] Reached target Network is Online.

[    9.610943] cloud-init[968]: ci-info: +-------+-------------+----------+---------------+-----------+-------+
[    9.614100] cloud-init[968]: ci-info: |   0   |   0.0.0.0   | 10.0.2.2 |    0.0.0.0    |   enp0s3  |   UG  |
[    9.617154] cloud-init[968]: ci-info: |   1   |   10.0.2.0  | 0.0.0.0  | 255.255.255.0 |   enp0s3  |   U   |
[    9.620241] cloud-init[968]: ci-info: +-------+-------------+----------+---------------+-----------+-------+
[    9.623111] cloud-init[968]:          Starting iSCSI initiator daemon (iscsid)...
[[0;32m  OK  [0m] Reached target Cloud-config availability.
[[0;32m  OK  [0m] Reached target System Initialization.
ci-info: +++++++++++++++++++Route IPv6 info+++++++++++++++++++
[    9.629283] cloud-init[968]: ci-info: +-------+-------------+---------+-----------+-------+
[    9.632106] cloud-init[968]: ci-info: | Route | Destination | Gateway | Interface | Flags |
[    9.634792] cloud-init[968]: ci-info: +-------+-------------+---------+-----------+-------+
[    9.637705] cloud-init[968]: ci-info: |   0   |  fe80::/64  |    ::   |   enp0s3  |   U   |
[    9.641383] cloud-init[968]: ci-info: |   3   |   ff00::/8  |    ::   |   enp0s3  |   U   |
[    9.641824] cloud-init[968]: ci-info: +-------+-------------+---------+-----------+-------+
[[0;32m  OK  [0m] Started Daily apt download activities.
[[0;32m  OK  [0m] Started Daily Cleanup of Temporary Directories.
         Starting LXD - unix socket.
[[0;32m  OK  [0m] Started ACPI Events Check.
[[0;32m  OK  [0m] Reached target Paths.
[[0;32m  OK  [0m] Listening on ACPID Listen Socket.
[[0;32m  OK  [0m] Listening on UUID daemon activation socket.
[[0;32m  OK  [0m] Listening on D-Bus System Message Bus Socket.
[[0;32m  OK  [0m] Started Daily apt upgrade and clean activities.
[[0;32m  OK  [0m] Reached target Timers.
         Starting Socket activation for snappy daemon.
[[0;32m  OK  [0m] Listening on LXD - unix socket.
[[0;32m  OK  [0m] Listening on Socket activation for snappy daemon.
[[0;32m  OK  [0m] Started iSCSI initiator daemon (iscsid).
         Starting Login to default iSCSI targets...
[[0;32m  OK  [0m] Reached target Sockets.
[[0;32m  OK  [0m] Reached target Basic System.
[[0;32m  OK  [0m] Started Regular background program processing daemon.
         Starting OpenBSD Secure Shell server...
         Starting LXD - container startup/shutdown...
[[0;32m  OK  [0m] Started Deferred execution scheduler.
         Starting LSB: Record successful boot for GRUB...
         Starting /etc/rc.local Compatibility...
[[0;32m  OK  [0m] Started D-Bus System Message Bus.
         Starting Login Service...
         Starting Accounts Service...
[[0;32m  OK  [0m] Started ACPI event daemon.
         Starting LSB: MD monitoring daemon...
         Starting Virtualbox guest utils...
         Starting System Logging Service...
         Starting Snappy daemon...
[[0;32m  OK  [0m] Started FUSE filesystem for LXC.
[[0;32m  OK  [0m] Started LXD - container startup/shutdown.
[[0;32m  OK  [0m] Started /etc/rc.local Compatibility.
[[0;32m  OK  [0m] Started OpenBSD Secure Shell server.
[[0;32m  OK  [0m] Started System Logging Service.
[[0;32m  OK  [0m] Started Login to default iSCSI targets.
[[0;32m  OK  [0m] Started LSB: Record successful boot for GRUB.
[[0;32m  OK  [0m] Started Snappy daemon.
[[0;32m  OK  [0m] Started LSB: MD monitoring daemon.
[[0;32m  OK  [0m] Started Login Service.
[[0;32m  OK  [0m] Started Virtualbox guest utils.
[[0;32m  OK  [0m] Started Unattended Upgrades Shutdown.
         Starting Authenticate and Authorize Users to Run Privileged Tasks...
         Starting Wait until snapd is fully seeded...
[[0;32m  OK  [0m] Reached target Remote File Systems (Pre).
[[0;32m  OK  [0m] Reached target Remote File Systems.
         Starting LSB: automatic crash report generation...
         Starting Permit User Sessions...
         Starting LSB: daemon to balance interrupts for SMP systems...
         Starting LSB: Set the CPU Frequency Scaling governor to "ondemand"...
[[0;32m  OK  [0m] Started Authenticate and Authorize Users to Run Privileged Tasks.
[[0;32m  OK  [0m] Started Permit User Sessions.
[[0;32m  OK  [0m] Started Accounts Service.
[[0;32m  OK  [0m] Started Wait until snapd is fully seeded.
[[0;32m  OK  [0m] Started LSB: Set the CPU Frequency Scaling governor to "ondemand".
         Starting Apply the settings specified in cloud-config...
         Starting Hold until boot process finishes up...
         Starting Terminate Plymouth Boot Screen...
[[0;32m  OK  [0m] Started Hold until boot process finishes up.
[[0;32m  OK  [0m] Started Terminate Plymouth Boot Screen.
[[0;32m  OK  [0m] Started Getty on tty1.
[[0;32m  OK  [0m] Started Serial Getty on ttyS0.
[[0;32m  OK  [0m] Reached target Login Prompts.
         Starting Set console scheme...
[[0;32m  OK  [0m] Started LSB: automatic crash report generation.
[[0;32m  OK  [0m] Started LSB: daemon to balance interrupts for SMP systems.
[[0;32m  OK  [0m] Started Set console scheme.
[[0;32m  OK  [0m] Reached target Multi-User System.
[[0;32m  OK  [0m] Reached target Graphical Interface.
         Starting Update UTMP about System Runlevel Changes...
[[0;32m  OK  [0m] Started Update UTMP about System Runlevel Changes.
[   11.440505] cloud-init[1200]: Cloud-init v. 19.1-1-gbaa47854-0ubuntu1~16.04.1 running 'modules:config' at Tue, 17 Sep 2019 18:46:45 +0000. Up 11.21 seconds.
[[0;32m  OK  [0m] Started Apply the settings specified in cloud-config.
         Starting Execute cloud user/final scripts...
[[0;32m  OK  [0m] Created slice User Slice of vagrant.
         Starting User Manager for UID 1000...
[[0;32m  OK  [0m] Started Session 1 of user vagrant.
[[0;32m  OK  [0m] Started User Manager for UID 1000.
[   12.593186] cloud-init[1239]: Cloud-init v. 19.1-1-gbaa47854-0ubuntu1~16.04.1 running 'modules:final' at Tue, 17 Sep 2019 18:46:46 +0000. Up 12.35 seconds.
[   12.597651] cloud-init[1239]: Cloud-init v. 19.1-1-gbaa47854-0ubuntu1~16.04.1 finished at Tue, 17 Sep 2019 18:46:46 +0000. Datasource DataSourceNoCloud [seed=/dev/sdb][dsmode=net].  Up 12.58 seconds
[[0;32m  OK  [0m] Started Execute cloud user/final scripts.
         Starting Daily apt download activities...
[[0;32m  OK  [0m] Reached target Cloud-init target.

Ubuntu 16.04.6 LTS ubuntu-xenial ttyS0

ubuntu-xenial login: 